Spell rank identifier(first_spell_id) 2835 listed in `spell_ranks` does not exist!
Spell rank identifier(first_spell_id) 3420 listed in `spell_ranks` does not exist!
Spell rank identifier(first_spell_id) 5763 listed in `spell_ranks` does not exist!
Spell rank identifier(first_spell_id) 8681 listed in `spell_ranks` does not exist!
Spell rank identifier(first_spell_id) 13220 listed in `spell_ranks` does not exist!
Item (Entry: 3776) has wrong (not existing) spell in spellid_1 (11202)
Item (Entry: 6951) has wrong (not existing) spell in spellid_1 (8693)
Item (Entry: 9186) has wrong (not existing) spell in spellid_1 (11399)
Spell 2995 learn to invalid spell 8681, and then...
Quest 2480 has `RewardSpell` = 2995 but spell 2995 is broken, quest will not have a spell reward.
Spell 2995 learn to invalid spell 8681, and then...
Quest 2359 has `RewardSpell` = 2995 but spell 2995 is broken, quest will not have a spell reward.
Table `npc_trainer` contains an entry (Entry: 917) for a non-existing spell (Spell: 2835), ignoring
Table `npc_trainer` contains an entry (Entry: 917) for a non-existing spell (Spell: 2837), ignoring
Table `npc_trainer` contains an entry (Entry: 917) for a non-existing spell (Spell: 3420), ignoring
Table `npc_trainer` contains an entry (Entry: 917) for a non-existing spell (Spell: 3421), ignoring
Table `npc_trainer` contains an entry (Entry: 917) for a non-existing spell (Spell: 5763), ignoring
Table `npc_trainer` contains an entry (Entry: 917) for a non-existing spell (Spell: 6510), ignoring
Table `npc_trainer` contains an entry (Entry: 917) for a non-existing spell (Spell: 8687), ignoring
Table `npc_trainer` contains an entry (Entry: 917) for a non-existing spell (Spell: 8691), ignoring
Table `npc_trainer` contains an entry (Entry: 917) for a non-existing spell (Spell: 8694), ignoring
Table `npc_trainer` contains an entry (Entry: 917) for a non-existing spell (Spell: 11341), ignoring
Table `npc_trainer` contains an entry (Entry: 917) for a non-existing spell (Spell: 11342), ignoring
Table `npc_trainer` contains an entry (Entry: 917) for a non-existing spell (Spell: 11343), ignoring
Table `npc_trainer` contains an entry (Entry: 917) for a non-existing spell (Spell: 11357), ignoring
Table `npc_trainer` contains an entry (Entry: 917) for a non-existing spell (Spell: 11358), ignoring
Table `npc_trainer` contains an entry (Entry: 917) for a non-existing spell (Spell: 11400), ignoring
Table `npc_trainer` contains an entry (Entry: 917) for a non-existing spell (Spell: 13220), ignoring
Table `npc_trainer` contains an entry (Entry: 917) for a non-existing spell (Spell: 13228), ignoring
Table `npc_trainer` contains an entry (Entry: 917) for a non-existing spell (Spell: 13229), ignoring
Table `npc_trainer` contains an entry (Entry: 917) for a non-existing spell (Spell: 13230), ignoring
Table `npc_trainer` contains an entry (Entry: 917) for a non-existing spell (Spell: 26786), ignoring
Table `npc_trainer` contains an entry (Entry: 917) for a non-existing spell (Spell: 26892), ignoring
Table `npc_trainer` contains an entry (Entry: 917) for a non-existing spell (Spell: 26969), ignoring
Table `npc_trainer` contains an entry (Entry: 917) for a non-existing spell (Spell: 27282), ignoring
Table `npc_trainer` contains an entry (Entry: 917) for a non-existing spell (Spell: 27283), ignoring
Table `npc_trainer` contains an entry (Entry: 918) for a non-existing spell (Spell: 2835), ignoring
Table `npc_trainer` contains an entry (Entry: 918) for a non-existing spell (Spell: 2837), ignoring
Table `npc_trainer` contains an entry (Entry: 918) for a non-existing spell (Spell: 3420), ignoring
Table `npc_trainer` contains an entry (Entry: 918) for a non-existing spell (Spell: 3421), ignoring
Table `npc_trainer` contains an entry (Entry: 918) for a non-existing spell (Spell: 5763), ignoring
Table `npc_trainer` contains an entry (Entry: 918) for a non-existing spell (Spell: 6510), ignoring
Table `npc_trainer` contains an entry (Entry: 918) for a non-existing spell (Spell: 8687), ignoring
Table `npc_trainer` contains an entry (Entry: 918) for a non-existing spell (Spell: 8691), ignoring
Table `npc_trainer` contains an entry (Entry: 918) for a non-existing spell (Spell: 8694), ignoring
Table `npc_trainer` contains an entry (Entry: 918) for a non-existing spell (Spell: 11341), ignoring
Table `npc_trainer` contains an entry (Entry: 918) for a non-existing spell (Spell: 11342), ignoring
Table `npc_trainer` contains an entry (Entry: 918) for a non-existing spell (Spell: 11343), ignoring
Table `npc_trainer` contains an entry (Entry: 918) for a non-existing spell (Spell: 11357), ignoring
Table `npc_trainer` contains an entry (Entry: 918) for a non-existing spell (Spell: 11358), ignoring
Table `npc_trainer` contains an entry (Entry: 918) for a non-existing spell (Spell: 11400), ignoring
Table `npc_trainer` contains an entry (Entry: 918) for a non-existing spell (Spell: 13220), ignoring
Table `npc_trainer` contains an entry (Entry: 918) for a non-existing spell (Spell: 13228), ignoring
Table `npc_trainer` contains an entry (Entry: 918) for a non-existing spell (Spell: 13229), ignoring
Table `npc_trainer` contains an entry (Entry: 918) for a non-existing spell (Spell: 13230), ignoring
Table `npc_trainer` contains an entry (Entry: 918) for a non-existing spell (Spell: 26786), ignoring
Table `npc_trainer` contains an entry (Entry: 918) for a non-existing spell (Spell: 26892), ignoring
Table `npc_trainer` contains an entry (Entry: 918) for a non-existing spell (Spell: 26969), ignoring
Table `npc_trainer` contains an entry (Entry: 918) for a non-existing spell (Spell: 27282), ignoring
Table `npc_trainer` contains an entry (Entry: 918) for a non-existing spell (Spell: 27283), ignoring
Table `npc_trainer` contains an entry (Entry: 1234) for a non-existing spell (Spell: 2835), ignoring
Table `npc_trainer` contains an entry (Entry: 1234) for a non-existing spell (Spell: 2837), ignoring
Table `npc_trainer` contains an entry (Entry: 1234) for a non-existing spell (Spell: 3420), ignoring
Table `npc_trainer` contains an entry (Entry: 1234) for a non-existing spell (Spell: 3421), ignoring
Table `npc_trainer` contains an entry (Entry: 1234) for a non-existing spell (Spell: 5763), ignoring
Table `npc_trainer` contains an entry (Entry: 1234) for a non-existing spell (Spell: 6510), ignoring
Table `npc_trainer` contains an entry (Entry: 1234) for a non-existing spell (Spell: 8687), ignoring
Table `npc_trainer` contains an entry (Entry: 1234) for a non-existing spell (Spell: 8691), ignoring
Table `npc_trainer` contains an entry (Entry: 1234) for a non-existing spell (Spell: 8694), ignoring
Table `npc_trainer` contains an entry (Entry: 1234) for a non-existing spell (Spell: 11341), ignoring
Table `npc_trainer` contains an entry (Entry: 1234) for a non-existing spell (Spell: 11342), ignoring
Table `npc_trainer` contains an entry (Entry: 1234) for a non-existing spell (Spell: 11343), ignoring
Table `npc_trainer` contains an entry (Entry: 1234) for a non-existing spell (Spell: 11357), ignoring
Table `npc_trainer` contains an entry (Entry: 1234) for a non-existing spell (Spell: 11358), ignoring
Table `npc_trainer` contains an entry (Entry: 1234) for a non-existing spell (Spell: 11400), ignoring
Table `npc_trainer` contains an entry (Entry: 1234) for a non-existing spell (Spell: 13220), ignoring
Table `npc_trainer` contains an entry (Entry: 1234) for a non-existing spell (Spell: 13228), ignoring
Table `npc_trainer` contains an entry (Entry: 1234) for a non-existing spell (Spell: 13229), ignoring
Table `npc_trainer` contains an entry (Entry: 1234) for a non-existing spell (Spell: 13230), ignoring
Table `npc_trainer` contains an entry (Entry: 1234) for a non-existing spell (Spell: 26786), ignoring
Table `npc_trainer` contains an entry (Entry: 1234) for a non-existing spell (Spell: 26892), ignoring
Table `npc_trainer` contains an entry (Entry: 1234) for a non-existing spell (Spell: 26969), ignoring
Table `npc_trainer` contains an entry (Entry: 1234) for a non-existing spell (Spell: 27282), ignoring
Table `npc_trainer` contains an entry (Entry: 1234) for a non-existing spell (Spell: 27283), ignoring
Table `npc_trainer` contains an entry (Entry: 1411) for a non-existing spell (Spell: 2835), ignoring
Table `npc_trainer` contains an entry (Entry: 1411) for a non-existing spell (Spell: 2837), ignoring
Table `npc_trainer` contains an entry (Entry: 1411) for a non-existing spell (Spell: 3420), ignoring
Table `npc_trainer` contains an entry (Entry: 1411) for a non-existing spell (Spell: 3421), ignoring
Table `npc_trainer` contains an entry (Entry: 1411) for a non-existing spell (Spell: 5763), ignoring
Table `npc_trainer` contains an entry (Entry: 1411) for a non-existing spell (Spell: 6510), ignoring
Table `npc_trainer` contains an entry (Entry: 1411) for a non-existing spell (Spell: 8687), ignoring
Table `npc_trainer` contains an entry (Entry: 1411) for a non-existing spell (Spell: 8691), ignoring
Table `npc_trainer` contains an entry (Entry: 1411) for a non-existing spell (Spell: 8694), ignoring
Table `npc_trainer` contains an entry (Entry: 1411) for a non-existing spell (Spell: 11341), ignoring
Table `npc_trainer` contains an entry (Entry: 1411) for a non-existing spell (Spell: 11342), ignoring
Table `npc_trainer` contains an entry (Entry: 1411) for a non-existing spell (Spell: 11343), ignoring
Table `npc_trainer` contains an entry (Entry: 1411) for a non-existing spell (Spell: 11357), ignoring
Table `npc_trainer` contains an entry (Entry: 1411) for a non-existing spell (Spell: 11358), ignoring
Table `npc_trainer` contains an entry (Entry: 1411) for a non-existing spell (Spell: 11400), ignoring
Table `npc_trainer` contains an entry (Entry: 1411) for a non-existing spell (Spell: 13220), ignoring
Table `npc_trainer` contains an entry (Entry: 1411) for a non-existing spell (Spell: 13228), ignoring
Table `npc_trainer` contains an entry (Entry: 1411) for a non-existing spell (Spell: 13229), ignoring
Table `npc_trainer` contains an entry (Entry: 1411) for a non-existing spell (Spell: 13230), ignoring
Table `npc_trainer` contains an entry (Entry: 1411) for a non-existing spell (Spell: 26786), ignoring
Table `npc_trainer` contains an entry (Entry: 1411) for a non-existing spell (Spell: 26892), ignoring
Table `npc_trainer` contains an entry (Entry: 1411) for a non-existing spell (Spell: 26969), ignoring
Table `npc_trainer` contains an entry (Entry: 1411) for a non-existing spell (Spell: 27282), ignoring
Table `npc_trainer` contains an entry (Entry: 1411) for a non-existing spell (Spell: 27283), ignoring
Table `npc_trainer` contains an entry (Entry: 2130) for a non-existing spell (Spell: 2835), ignoring
Table `npc_trainer` contains an entry (Entry: 2130) for a non-existing spell (Spell: 2837), ignoring
Table `npc_trainer` contains an entry (Entry: 2130) for a non-existing spell (Spell: 3420), ignoring
Table `npc_trainer` contains an entry (Entry: 2130) for a non-existing spell (Spell: 3421), ignoring
Table `npc_trainer` contains an entry (Entry: 2130) for a non-existing spell (Spell: 5763), ignoring
Table `npc_trainer` contains an entry (Entry: 2130) for a non-existing spell (Spell: 6510), ignoring
Table `npc_trainer` contains an entry (Entry: 2130) for a non-existing spell (Spell: 8687), ignoring
Table `npc_trainer` contains an entry (Entry: 2130) for a non-existing spell (Spell: 8691), ignoring
Table `npc_trainer` contains an entry (Entry: 2130) for a non-existing spell (Spell: 8694), ignoring
Table `npc_trainer` contains an entry (Entry: 2130) for a non-existing spell (Spell: 11341), ignoring
Table `npc_trainer` contains an entry (Entry: 2130) for a non-existing spell (Spell: 11342), ignoring
Table `npc_trainer` contains an entry (Entry: 2130) for a non-existing spell (Spell: 11343), ignoring
Table `npc_trainer` contains an entry (Entry: 2130) for a non-existing spell (Spell: 11357), ignoring
Table `npc_trainer` contains an entry (Entry: 2130) for a non-existing spell (Spell: 11358), ignoring
Table `npc_trainer` contains an entry (Entry: 2130) for a non-existing spell (Spell: 11400), ignoring
Table `npc_trainer` contains an entry (Entry: 2130) for a non-existing spell (Spell: 13220), ignoring
Table `npc_trainer` contains an entry (Entry: 2130) for a non-existing spell (Spell: 13228), ignoring
Table `npc_trainer` contains an entry (Entry: 2130) for a non-existing spell (Spell: 13229), ignoring
Table `npc_trainer` contains an entry (Entry: 2130) for a non-existing spell (Spell: 13230), ignoring
Table `npc_trainer` contains an entry (Entry: 2130) for a non-existing spell (Spell: 26786), ignoring
Table `npc_trainer` contains an entry (Entry: 2130) for a non-existing spell (Spell: 26892), ignoring
Table `npc_trainer` contains an entry (Entry: 2130) for a non-existing spell (Spell: 26969), ignoring
Table `npc_trainer` contains an entry (Entry: 2130) for a non-existing spell (Spell: 27282), ignoring
Table `npc_trainer` contains an entry (Entry: 2130) for a non-existing spell (Spell: 27283), ignoring
Table `npc_trainer` contains an entry (Entry: 3170) for a non-existing spell (Spell: 2835), ignoring
Table `npc_trainer` contains an entry (Entry: 3170) for a non-existing spell (Spell: 2837), ignoring
Table `npc_trainer` contains an entry (Entry: 3170) for a non-existing spell (Spell: 3420), ignoring
Table `npc_trainer` contains an entry (Entry: 3170) for a non-existing spell (Spell: 3421), ignoring
Table `npc_trainer` contains an entry (Entry: 3170) for a non-existing spell (Spell: 5763), ignoring
Table `npc_trainer` contains an entry (Entry: 3170) for a non-existing spell (Spell: 6510), ignoring
Table `npc_trainer` contains an entry (Entry: 3170) for a non-existing spell (Spell: 8687), ignoring
Table `npc_trainer` contains an entry (Entry: 3170) for a non-existing spell (Spell: 8691), ignoring
Table `npc_trainer` contains an entry (Entry: 3170) for a non-existing spell (Spell: 8694), ignoring
Table `npc_trainer` contains an entry (Entry: 3170) for a non-existing spell (Spell: 11341), ignoring
Table `npc_trainer` contains an entry (Entry: 3170) for a non-existing spell (Spell: 11342), ignoring
Table `npc_trainer` contains an entry (Entry: 3170) for a non-existing spell (Spell: 11343), ignoring
Table `npc_trainer` contains an entry (Entry: 3170) for a non-existing spell (Spell: 11357), ignoring
Table `npc_trainer` contains an entry (Entry: 3170) for a non-existing spell (Spell: 11358), ignoring
Table `npc_trainer` contains an entry (Entry: 3170) for a non-existing spell (Spell: 11400), ignoring
Table `npc_trainer` contains an entry (Entry: 3170) for a non-existing spell (Spell: 13220), ignoring
Table `npc_trainer` contains an entry (Entry: 3170) for a non-existing spell (Spell: 13228), ignoring
Table `npc_trainer` contains an entry (Entry: 3170) for a non-existing spell (Spell: 13229), ignoring
Table `npc_trainer` contains an entry (Entry: 3170) for a non-existing spell (Spell: 13230), ignoring
Table `npc_trainer` contains an entry (Entry: 3170) for a non-existing spell (Spell: 26786), ignoring
Table `npc_trainer` contains an entry (Entry: 3170) for a non-existing spell (Spell: 26892), ignoring
Table `npc_trainer` contains an entry (Entry: 3170) for a non-existing spell (Spell: 26969), ignoring
Table `npc_trainer` contains an entry (Entry: 3170) for a non-existing spell (Spell: 27282), ignoring
Table `npc_trainer` contains an entry (Entry: 3170) for a non-existing spell (Spell: 27283), ignoring
Table `npc_trainer` contains an entry (Entry: 3327) for a non-existing spell (Spell: 2835), ignoring
Table `npc_trainer` contains an entry (Entry: 3327) for a non-existing spell (Spell: 2837), ignoring
Table `npc_trainer` contains an entry (Entry: 3327) for a non-existing spell (Spell: 3420), ignoring
Table `npc_trainer` contains an entry (Entry: 3327) for a non-existing spell (Spell: 3421), ignoring
Table `npc_trainer` contains an entry (Entry: 3327) for a non-existing spell (Spell: 5763), ignoring
Table `npc_trainer` contains an entry (Entry: 3327) for a non-existing spell (Spell: 6510), ignoring
Table `npc_trainer` contains an entry (Entry: 3327) for a non-existing spell (Spell: 8687), ignoring
Table `npc_trainer` contains an entry (Entry: 3327) for a non-existing spell (Spell: 8691), ignoring
Table `npc_trainer` contains an entry (Entry: 3327) for a non-existing spell (Spell: 8694), ignoring
Table `npc_trainer` contains an entry (Entry: 3327) for a non-existing spell (Spell: 11341), ignoring
Table `npc_trainer` contains an entry (Entry: 3327) for a non-existing spell (Spell: 11342), ignoring
Table `npc_trainer` contains an entry (Entry: 3327) for a non-existing spell (Spell: 11343), ignoring
Table `npc_trainer` contains an entry (Entry: 3327) for a non-existing spell (Spell: 11357), ignoring
Table `npc_trainer` contains an entry (Entry: 3327) for a non-existing spell (Spell: 11358), ignoring
Table `npc_trainer` contains an entry (Entry: 3327) for a non-existing spell (Spell: 11400), ignoring
Table `npc_trainer` contains an entry (Entry: 3327) for a non-existing spell (Spell: 13220), ignoring
Table `npc_trainer` contains an entry (Entry: 3327) for a non-existing spell (Spell: 13228), ignoring
Table `npc_trainer` contains an entry (Entry: 3327) for a non-existing spell (Spell: 13229), ignoring
Table `npc_trainer` contains an entry (Entry: 3327) for a non-existing spell (Spell: 13230), ignoring
Table `npc_trainer` contains an entry (Entry: 3327) for a non-existing spell (Spell: 26786), ignoring
Table `npc_trainer` contains an entry (Entry: 3327) for a non-existing spell (Spell: 26892), ignoring
Table `npc_trainer` contains an entry (Entry: 3327) for a non-existing spell (Spell: 26969), ignoring
Table `npc_trainer` contains an entry (Entry: 3327) for a non-existing spell (Spell: 27282), ignoring
Table `npc_trainer` contains an entry (Entry: 3327) for a non-existing spell (Spell: 27283), ignoring
Table `npc_trainer` contains an entry (Entry: 3328) for a non-existing spell (Spell: 2835), ignoring
Table `npc_trainer` contains an entry (Entry: 3328) for a non-existing spell (Spell: 2837), ignoring
Table `npc_trainer` contains an entry (Entry: 3328) for a non-existing spell (Spell: 3420), ignoring
Table `npc_trainer` contains an entry (Entry: 3328) for a non-existing spell (Spell: 3421), ignoring
Table `npc_trainer` contains an entry (Entry: 3328) for a non-existing spell (Spell: 5763), ignoring
Table `npc_trainer` contains an entry (Entry: 3328) for a non-existing spell (Spell: 6510), ignoring
Table `npc_trainer` contains an entry (Entry: 3328) for a non-existing spell (Spell: 8687), ignoring
Table `npc_trainer` contains an entry (Entry: 3328) for a non-existing spell (Spell: 8691), ignoring
Table `npc_trainer` contains an entry (Entry: 3328) for a non-existing spell (Spell: 8694), ignoring
Table `npc_trainer` contains an entry (Entry: 3328) for a non-existing spell (Spell: 11341), ignoring
Table `npc_trainer` contains an entry (Entry: 3328) for a non-existing spell (Spell: 11342), ignoring
Table `npc_trainer` contains an entry (Entry: 3328) for a non-existing spell (Spell: 11343), ignoring
Table `npc_trainer` contains an entry (Entry: 3328) for a non-existing spell (Spell: 11357), ignoring
Table `npc_trainer` contains an entry (Entry: 3328) for a non-existing spell (Spell: 11358), ignoring
Table `npc_trainer` contains an entry (Entry: 3328) for a non-existing spell (Spell: 11400), ignoring
Table `npc_trainer` contains an entry (Entry: 3328) for a non-existing spell (Spell: 13220), ignoring
Table `npc_trainer` contains an entry (Entry: 3328) for a non-existing spell (Spell: 13228), ignoring
Table `npc_trainer` contains an entry (Entry: 3328) for a non-existing spell (Spell: 13229), ignoring
Table `npc_trainer` contains an entry (Entry: 3328) for a non-existing spell (Spell: 13230), ignoring
Table `npc_trainer` contains an entry (Entry: 3328) for a non-existing spell (Spell: 26786), ignoring
Table `npc_trainer` contains an entry (Entry: 3328) for a non-existing spell (Spell: 26892), ignoring
Table `npc_trainer` contains an entry (Entry: 3328) for a non-existing spell (Spell: 26969), ignoring
Table `npc_trainer` contains an entry (Entry: 3328) for a non-existing spell (Spell: 27282), ignoring
Table `npc_trainer` contains an entry (Entry: 3328) for a non-existing spell (Spell: 27283), ignoring
Table `npc_trainer` contains an entry (Entry: 3401) for a non-existing spell (Spell: 2835), ignoring
Table `npc_trainer` contains an entry (Entry: 3401) for a non-existing spell (Spell: 2837), ignoring
Table `npc_trainer` contains an entry (Entry: 3401) for a non-existing spell (Spell: 3420), ignoring
Table `npc_trainer` contains an entry (Entry: 3401) for a non-existing spell (Spell: 3421), ignoring
Table `npc_trainer` contains an entry (Entry: 3401) for a non-existing spell (Spell: 5763), ignoring
Table `npc_trainer` contains an entry (Entry: 3401) for a non-existing spell (Spell: 6510), ignoring
Table `npc_trainer` contains an entry (Entry: 3401) for a non-existing spell (Spell: 8687), ignoring
Table `npc_trainer` contains an entry (Entry: 3401) for a non-existing spell (Spell: 8691), ignoring
Table `npc_trainer` contains an entry (Entry: 3401) for a non-existing spell (Spell: 8694), ignoring
Table `npc_trainer` contains an entry (Entry: 3401) for a non-existing spell (Spell: 11341), ignoring
Table `npc_trainer` contains an entry (Entry: 3401) for a non-existing spell (Spell: 11342), ignoring
Table `npc_trainer` contains an entry (Entry: 3401) for a non-existing spell (Spell: 11343), ignoring
Table `npc_trainer` contains an entry (Entry: 3401) for a non-existing spell (Spell: 11357), ignoring
Table `npc_trainer` contains an entry (Entry: 3401) for a non-existing spell (Spell: 11358), ignoring
Table `npc_trainer` contains an entry (Entry: 3401) for a non-existing spell (Spell: 11400), ignoring
Table `npc_trainer` contains an entry (Entry: 3401) for a non-existing spell (Spell: 13220), ignoring
Table `npc_trainer` contains an entry (Entry: 3401) for a non-existing spell (Spell: 13228), ignoring
Table `npc_trainer` contains an entry (Entry: 3401) for a non-existing spell (Spell: 13229), ignoring
Table `npc_trainer` contains an entry (Entry: 3401) for a non-existing spell (Spell: 13230), ignoring
Table `npc_trainer` contains an entry (Entry: 3401) for a non-existing spell (Spell: 26786), ignoring
Table `npc_trainer` contains an entry (Entry: 3401) for a non-existing spell (Spell: 26892), ignoring
Table `npc_trainer` contains an entry (Entry: 3401) for a non-existing spell (Spell: 26969), ignoring
Table `npc_trainer` contains an entry (Entry: 3401) for a non-existing spell (Spell: 27282), ignoring
Table `npc_trainer` contains an entry (Entry: 3401) for a non-existing spell (Spell: 27283), ignoring
Table `npc_trainer` contains an entry (Entry: 3599) for a non-existing spell (Spell: 2835), ignoring
Table `npc_trainer` contains an entry (Entry: 3599) for a non-existing spell (Spell: 2837), ignoring
Table `npc_trainer` contains an entry (Entry: 3599) for a non-existing spell (Spell: 3420), ignoring
Table `npc_trainer` contains an entry (Entry: 3599) for a non-existing spell (Spell: 3421), ignoring
Table `npc_trainer` contains an entry (Entry: 3599) for a non-existing spell (Spell: 5763), ignoring
Table `npc_trainer` contains an entry (Entry: 3599) for a non-existing spell (Spell: 6510), ignoring
Table `npc_trainer` contains an entry (Entry: 3599) for a non-existing spell (Spell: 8687), ignoring
Table `npc_trainer` contains an entry (Entry: 3599) for a non-existing spell (Spell: 8691), ignoring
Table `npc_trainer` contains an entry (Entry: 3599) for a non-existing spell (Spell: 8694), ignoring
Table `npc_trainer` contains an entry (Entry: 3599) for a non-existing spell (Spell: 11341), ignoring
Table `npc_trainer` contains an entry (Entry: 3599) for a non-existing spell (Spell: 11342), ignoring
Table `npc_trainer` contains an entry (Entry: 3599) for a non-existing spell (Spell: 11343), ignoring
Table `npc_trainer` contains an entry (Entry: 3599) for a non-existing spell (Spell: 11357), ignoring
Table `npc_trainer` contains an entry (Entry: 3599) for a non-existing spell (Spell: 11358), ignoring
Table `npc_trainer` contains an entry (Entry: 3599) for a non-existing spell (Spell: 11400), ignoring
Table `npc_trainer` contains an entry (Entry: 3599) for a non-existing spell (Spell: 13220), ignoring
Table `npc_trainer` contains an entry (Entry: 3599) for a non-existing spell (Spell: 13228), ignoring
Table `npc_trainer` contains an entry (Entry: 3599) for a non-existing spell (Spell: 13229), ignoring
Table `npc_trainer` contains an entry (Entry: 3599) for a non-existing spell (Spell: 13230), ignoring
Table `npc_trainer` contains an entry (Entry: 3599) for a non-existing spell (Spell: 26786), ignoring
Table `npc_trainer` contains an entry (Entry: 3599) for a non-existing spell (Spell: 26892), ignoring
Table `npc_trainer` contains an entry (Entry: 3599) for a non-existing spell (Spell: 26969), ignoring
Table `npc_trainer` contains an entry (Entry: 3599) for a non-existing spell (Spell: 27282), ignoring
Table `npc_trainer` contains an entry (Entry: 3599) for a non-existing spell (Spell: 27283), ignoring
Table `npc_trainer` contains an entry (Entry: 4163) for a non-existing spell (Spell: 2835), ignoring
Table `npc_trainer` contains an entry (Entry: 4163) for a non-existing spell (Spell: 2837), ignoring
Table `npc_trainer` contains an entry (Entry: 4163) for a non-existing spell (Spell: 3420), ignoring
Table `npc_trainer` contains an entry (Entry: 4163) for a non-existing spell (Spell: 3421), ignoring
Table `npc_trainer` contains an entry (Entry: 4163) for a non-existing spell (Spell: 5763), ignoring
Table `npc_trainer` contains an entry (Entry: 4163) for a non-existing spell (Spell: 6510), ignoring
Table `npc_trainer` contains an entry (Entry: 4163) for a non-existing spell (Spell: 8687), ignoring
Table `npc_trainer` contains an entry (Entry: 4163) for a non-existing spell (Spell: 8691), ignoring
Table `npc_trainer` contains an entry (Entry: 4163) for a non-existing spell (Spell: 8694), ignoring
Table `npc_trainer` contains an entry (Entry: 4163) for a non-existing spell (Spell: 11341), ignoring
Table `npc_trainer` contains an entry (Entry: 4163) for a non-existing spell (Spell: 11342), ignoring
Table `npc_trainer` contains an entry (Entry: 4163) for a non-existing spell (Spell: 11343), ignoring
Table `npc_trainer` contains an entry (Entry: 4163) for a non-existing spell (Spell: 11357), ignoring
Table `npc_trainer` contains an entry (Entry: 4163) for a non-existing spell (Spell: 11358), ignoring
Table `npc_trainer` contains an entry (Entry: 4163) for a non-existing spell (Spell: 11400), ignoring
Table `npc_trainer` contains an entry (Entry: 4163) for a non-existing spell (Spell: 13220), ignoring
Table `npc_trainer` contains an entry (Entry: 4163) for a non-existing spell (Spell: 13228), ignoring
Table `npc_trainer` contains an entry (Entry: 4163) for a non-existing spell (Spell: 13229), ignoring
Table `npc_trainer` contains an entry (Entry: 4163) for a non-existing spell (Spell: 13230), ignoring
Table `npc_trainer` contains an entry (Entry: 4163) for a non-existing spell (Spell: 26786), ignoring
Table `npc_trainer` contains an entry (Entry: 4163) for a non-existing spell (Spell: 26892), ignoring
Table `npc_trainer` contains an entry (Entry: 4163) for a non-existing spell (Spell: 26969), ignoring
Table `npc_trainer` contains an entry (Entry: 4163) for a non-existing spell (Spell: 27282), ignoring
Table `npc_trainer` contains an entry (Entry: 4163) for a non-existing spell (Spell: 27283), ignoring
Table `npc_trainer` contains an entry (Entry: 4214) for a non-existing spell (Spell: 2835), ignoring
Table `npc_trainer` contains an entry (Entry: 4214) for a non-existing spell (Spell: 2837), ignoring
Table `npc_trainer` contains an entry (Entry: 4214) for a non-existing spell (Spell: 3420), ignoring
Table `npc_trainer` contains an entry (Entry: 4214) for a non-existing spell (Spell: 3421), ignoring
Table `npc_trainer` contains an entry (Entry: 4214) for a non-existing spell (Spell: 5763), ignoring
Table `npc_trainer` contains an entry (Entry: 4214) for a non-existing spell (Spell: 6510), ignoring
Table `npc_trainer` contains an entry (Entry: 4214) for a non-existing spell (Spell: 8687), ignoring
Table `npc_trainer` contains an entry (Entry: 4214) for a non-existing spell (Spell: 8691), ignoring
Table `npc_trainer` contains an entry (Entry: 4214) for a non-existing spell (Spell: 8694), ignoring
Table `npc_trainer` contains an entry (Entry: 4214) for a non-existing spell (Spell: 11341), ignoring
Table `npc_trainer` contains an entry (Entry: 4214) for a non-existing spell (Spell: 11342), ignoring
Table `npc_trainer` contains an entry (Entry: 4214) for a non-existing spell (Spell: 11343), ignoring
Table `npc_trainer` contains an entry (Entry: 4214) for a non-existing spell (Spell: 11357), ignoring
Table `npc_trainer` contains an entry (Entry: 4214) for a non-existing spell (Spell: 11358), ignoring
Table `npc_trainer` contains an entry (Entry: 4214) for a non-existing spell (Spell: 11400), ignoring
Table `npc_trainer` contains an entry (Entry: 4214) for a non-existing spell (Spell: 13220), ignoring
Table `npc_trainer` contains an entry (Entry: 4214) for a non-existing spell (Spell: 13228), ignoring
Table `npc_trainer` contains an entry (Entry: 4214) for a non-existing spell (Spell: 13229), ignoring
Table `npc_trainer` contains an entry (Entry: 4214) for a non-existing spell (Spell: 13230), ignoring
Table `npc_trainer` contains an entry (Entry: 4214) for a non-existing spell (Spell: 26786), ignoring
Table `npc_trainer` contains an entry (Entry: 4214) for a non-existing spell (Spell: 26892), ignoring
Table `npc_trainer` contains an entry (Entry: 4214) for a non-existing spell (Spell: 26969), ignoring
Table `npc_trainer` contains an entry (Entry: 4214) for a non-existing spell (Spell: 27282), ignoring
Table `npc_trainer` contains an entry (Entry: 4214) for a non-existing spell (Spell: 27283), ignoring
Table `npc_trainer` contains an entry (Entry: 4215) for a non-existing spell (Spell: 2835), ignoring
Table `npc_trainer` contains an entry (Entry: 4215) for a non-existing spell (Spell: 2837), ignoring
Table `npc_trainer` contains an entry (Entry: 4215) for a non-existing spell (Spell: 3420), ignoring
Table `npc_trainer` contains an entry (Entry: 4215) for a non-existing spell (Spell: 3421), ignoring
Table `npc_trainer` contains an entry (Entry: 4215) for a non-existing spell (Spell: 5763), ignoring
Table `npc_trainer` contains an entry (Entry: 4215) for a non-existing spell (Spell: 6510), ignoring
Table `npc_trainer` contains an entry (Entry: 4215) for a non-existing spell (Spell: 8687), ignoring
Table `npc_trainer` contains an entry (Entry: 4215) for a non-existing spell (Spell: 8691), ignoring
Table `npc_trainer` contains an entry (Entry: 4215) for a non-existing spell (Spell: 8694), ignoring
Table `npc_trainer` contains an entry (Entry: 4215) for a non-existing spell (Spell: 11341), ignoring
Table `npc_trainer` contains an entry (Entry: 4215) for a non-existing spell (Spell: 11342), ignoring
Table `npc_trainer` contains an entry (Entry: 4215) for a non-existing spell (Spell: 11343), ignoring
Table `npc_trainer` contains an entry (Entry: 4215) for a non-existing spell (Spell: 11357), ignoring
Table `npc_trainer` contains an entry (Entry: 4215) for a non-existing spell (Spell: 11358), ignoring
Table `npc_trainer` contains an entry (Entry: 4215) for a non-existing spell (Spell: 11400), ignoring
Table `npc_trainer` contains an entry (Entry: 4215) for a non-existing spell (Spell: 13220), ignoring
Table `npc_trainer` contains an entry (Entry: 4215) for a non-existing spell (Spell: 13228), ignoring
Table `npc_trainer` contains an entry (Entry: 4215) for a non-existing spell (Spell: 13229), ignoring
Table `npc_trainer` contains an entry (Entry: 4215) for a non-existing spell (Spell: 13230), ignoring
Table `npc_trainer` contains an entry (Entry: 4215) for a non-existing spell (Spell: 26786), ignoring
Table `npc_trainer` contains an entry (Entry: 4215) for a non-existing spell (Spell: 26892), ignoring
Table `npc_trainer` contains an entry (Entry: 4215) for a non-existing spell (Spell: 26969), ignoring
Table `npc_trainer` contains an entry (Entry: 4215) for a non-existing spell (Spell: 27282), ignoring
Table `npc_trainer` contains an entry (Entry: 4215) for a non-existing spell (Spell: 27283), ignoring
Table `npc_trainer` contains an entry (Entry: 4582) for a non-existing spell (Spell: 2835), ignoring
Table `npc_trainer` contains an entry (Entry: 4582) for a non-existing spell (Spell: 2837), ignoring
Table `npc_trainer` contains an entry (Entry: 4582) for a non-existing spell (Spell: 3420), ignoring
Table `npc_trainer` contains an entry (Entry: 4582) for a non-existing spell (Spell: 3421), ignoring
Table `npc_trainer` contains an entry (Entry: 4582) for a non-existing spell (Spell: 5763), ignoring
Table `npc_trainer` contains an entry (Entry: 4582) for a non-existing spell (Spell: 6510), ignoring
Table `npc_trainer` contains an entry (Entry: 4582) for a non-existing spell (Spell: 8687), ignoring
Table `npc_trainer` contains an entry (Entry: 4582) for a non-existing spell (Spell: 8691), ignoring
Table `npc_trainer` contains an entry (Entry: 4582) for a non-existing spell (Spell: 8694), ignoring
Table `npc_trainer` contains an entry (Entry: 4582) for a non-existing spell (Spell: 11341), ignoring
Table `npc_trainer` contains an entry (Entry: 4582) for a non-existing spell (Spell: 11342), ignoring
Table `npc_trainer` contains an entry (Entry: 4582) for a non-existing spell (Spell: 11343), ignoring
Table `npc_trainer` contains an entry (Entry: 4582) for a non-existing spell (Spell: 11357), ignoring
Table `npc_trainer` contains an entry (Entry: 4582) for a non-existing spell (Spell: 11358), ignoring
Table `npc_trainer` contains an entry (Entry: 4582) for a non-existing spell (Spell: 11400), ignoring
Table `npc_trainer` contains an entry (Entry: 4582) for a non-existing spell (Spell: 13220), ignoring
Table `npc_trainer` contains an entry (Entry: 4582) for a non-existing spell (Spell: 13228), ignoring
Table `npc_trainer` contains an entry (Entry: 4582) for a non-existing spell (Spell: 13229), ignoring
Table `npc_trainer` contains an entry (Entry: 4582) for a non-existing spell (Spell: 13230), ignoring
Table `npc_trainer` contains an entry (Entry: 4582) for a non-existing spell (Spell: 26786), ignoring
Table `npc_trainer` contains an entry (Entry: 4582) for a non-existing spell (Spell: 26892), ignoring
Table `npc_trainer` contains an entry (Entry: 4582) for a non-existing spell (Spell: 26969), ignoring
Table `npc_trainer` contains an entry (Entry: 4582) for a non-existing spell (Spell: 27282), ignoring
Table `npc_trainer` contains an entry (Entry: 4582) for a non-existing spell (Spell: 27283), ignoring
Table `npc_trainer` contains an entry (Entry: 4583) for a non-existing spell (Spell: 2835), ignoring
Table `npc_trainer` contains an entry (Entry: 4583) for a non-existing spell (Spell: 2837), ignoring
Table `npc_trainer` contains an entry (Entry: 4583) for a non-existing spell (Spell: 3420), ignoring
Table `npc_trainer` contains an entry (Entry: 4583) for a non-existing spell (Spell: 3421), ignoring
Table `npc_trainer` contains an entry (Entry: 4583) for a non-existing spell (Spell: 5763), ignoring
Table `npc_trainer` contains an entry (Entry: 4583) for a non-existing spell (Spell: 6510), ignoring
Table `npc_trainer` contains an entry (Entry: 4583) for a non-existing spell (Spell: 8687), ignoring
Table `npc_trainer` contains an entry (Entry: 4583) for a non-existing spell (Spell: 8691), ignoring
Table `npc_trainer` contains an entry (Entry: 4583) for a non-existing spell (Spell: 8694), ignoring
Table `npc_trainer` contains an entry (Entry: 4583) for a non-existing spell (Spell: 11341), ignoring
Table `npc_trainer` contains an entry (Entry: 4583) for a non-existing spell (Spell: 11342), ignoring
Table `npc_trainer` contains an entry (Entry: 4583) for a non-existing spell (Spell: 11343), ignoring
Table `npc_trainer` contains an entry (Entry: 4583) for a non-existing spell (Spell: 11357), ignoring
Table `npc_trainer` contains an entry (Entry: 4583) for a non-existing spell (Spell: 11358), ignoring
Table `npc_trainer` contains an entry (Entry: 4583) for a non-existing spell (Spell: 11400), ignoring
Table `npc_trainer` contains an entry (Entry: 4583) for a non-existing spell (Spell: 13220), ignoring
Table `npc_trainer` contains an entry (Entry: 4583) for a non-existing spell (Spell: 13228), ignoring
Table `npc_trainer` contains an entry (Entry: 4583) for a non-existing spell (Spell: 13229), ignoring
Table `npc_trainer` contains an entry (Entry: 4583) for a non-existing spell (Spell: 13230), ignoring
Table `npc_trainer` contains an entry (Entry: 4583) for a non-existing spell (Spell: 26786), ignoring
Table `npc_trainer` contains an entry (Entry: 4583) for a non-existing spell (Spell: 26892), ignoring
Table `npc_trainer` contains an entry (Entry: 4583) for a non-existing spell (Spell: 26969), ignoring
Table `npc_trainer` contains an entry (Entry: 4583) for a non-existing spell (Spell: 27282), ignoring
Table `npc_trainer` contains an entry (Entry: 4583) for a non-existing spell (Spell: 27283), ignoring
Table `npc_trainer` contains an entry (Entry: 4584) for a non-existing spell (Spell: 2835), ignoring
Table `npc_trainer` contains an entry (Entry: 4584) for a non-existing spell (Spell: 2837), ignoring
Table `npc_trainer` contains an entry (Entry: 4584) for a non-existing spell (Spell: 3420), ignoring
Table `npc_trainer` contains an entry (Entry: 4584) for a non-existing spell (Spell: 3421), ignoring
Table `npc_trainer` contains an entry (Entry: 4584) for a non-existing spell (Spell: 5763), ignoring
Table `npc_trainer` contains an entry (Entry: 4584) for a non-existing spell (Spell: 6510), ignoring
Table `npc_trainer` contains an entry (Entry: 4584) for a non-existing spell (Spell: 8687), ignoring
Table `npc_trainer` contains an entry (Entry: 4584) for a non-existing spell (Spell: 8691), ignoring
Table `npc_trainer` contains an entry (Entry: 4584) for a non-existing spell (Spell: 8694), ignoring
Table `npc_trainer` contains an entry (Entry: 4584) for a non-existing spell (Spell: 11341), ignoring
Table `npc_trainer` contains an entry (Entry: 4584) for a non-existing spell (Spell: 11342), ignoring
Table `npc_trainer` contains an entry (Entry: 4584) for a non-existing spell (Spell: 11343), ignoring
Table `npc_trainer` contains an entry (Entry: 4584) for a non-existing spell (Spell: 11357), ignoring
Table `npc_trainer` contains an entry (Entry: 4584) for a non-existing spell (Spell: 11358), ignoring
Table `npc_trainer` contains an entry (Entry: 4584) for a non-existing spell (Spell: 11400), ignoring
Table `npc_trainer` contains an entry (Entry: 4584) for a non-existing spell (Spell: 13220), ignoring
Table `npc_trainer` contains an entry (Entry: 4584) for a non-existing spell (Spell: 13228), ignoring
Table `npc_trainer` contains an entry (Entry: 4584) for a non-existing spell (Spell: 13229), ignoring
Table `npc_trainer` contains an entry (Entry: 4584) for a non-existing spell (Spell: 13230), ignoring
Table `npc_trainer` contains an entry (Entry: 4584) for a non-existing spell (Spell: 26786), ignoring
Table `npc_trainer` contains an entry (Entry: 4584) for a non-existing spell (Spell: 26892), ignoring
Table `npc_trainer` contains an entry (Entry: 4584) for a non-existing spell (Spell: 26969), ignoring
Table `npc_trainer` contains an entry (Entry: 4584) for a non-existing spell (Spell: 27282), ignoring
Table `npc_trainer` contains an entry (Entry: 4584) for a non-existing spell (Spell: 27283), ignoring
Table `npc_trainer` contains an entry (Entry: 5165) for a non-existing spell (Spell: 2835), ignoring
Table `npc_trainer` contains an entry (Entry: 5165) for a non-existing spell (Spell: 2837), ignoring
Table `npc_trainer` contains an entry (Entry: 5165) for a non-existing spell (Spell: 3420), ignoring
Table `npc_trainer` contains an entry (Entry: 5165) for a non-existing spell (Spell: 3421), ignoring
Table `npc_trainer` contains an entry (Entry: 5165) for a non-existing spell (Spell: 5763), ignoring
Table `npc_trainer` contains an entry (Entry: 5165) for a non-existing spell (Spell: 6510), ignoring
Table `npc_trainer` contains an entry (Entry: 5165) for a non-existing spell (Spell: 8687), ignoring
Table `npc_trainer` contains an entry (Entry: 5165) for a non-existing spell (Spell: 8691), ignoring
Table `npc_trainer` contains an entry (Entry: 5165) for a non-existing spell (Spell: 8694), ignoring
Table `npc_trainer` contains an entry (Entry: 5165) for a non-existing spell (Spell: 11341), ignoring
Table `npc_trainer` contains an entry (Entry: 5165) for a non-existing spell (Spell: 11342), ignoring
Table `npc_trainer` contains an entry (Entry: 5165) for a non-existing spell (Spell: 11343), ignoring
Table `npc_trainer` contains an entry (Entry: 5165) for a non-existing spell (Spell: 11357), ignoring
Table `npc_trainer` contains an entry (Entry: 5165) for a non-existing spell (Spell: 11358), ignoring
Table `npc_trainer` contains an entry (Entry: 5165) for a non-existing spell (Spell: 11400), ignoring
Table `npc_trainer` contains an entry (Entry: 5165) for a non-existing spell (Spell: 13220), ignoring
Table `npc_trainer` contains an entry (Entry: 5165) for a non-existing spell (Spell: 13228), ignoring
Table `npc_trainer` contains an entry (Entry: 5165) for a non-existing spell (Spell: 13229), ignoring
Table `npc_trainer` contains an entry (Entry: 5165) for a non-existing spell (Spell: 13230), ignoring
Table `npc_trainer` contains an entry (Entry: 5165) for a non-existing spell (Spell: 26786), ignoring
Table `npc_trainer` contains an entry (Entry: 5165) for a non-existing spell (Spell: 26892), ignoring
Table `npc_trainer` contains an entry (Entry: 5165) for a non-existing spell (Spell: 26969), ignoring
Table `npc_trainer` contains an entry (Entry: 5165) for a non-existing spell (Spell: 27282), ignoring
Table `npc_trainer` contains an entry (Entry: 5165) for a non-existing spell (Spell: 27283), ignoring
Table `npc_trainer` contains an entry (Entry: 5166) for a non-existing spell (Spell: 2835), ignoring
Table `npc_trainer` contains an entry (Entry: 5166) for a non-existing spell (Spell: 2837), ignoring
Table `npc_trainer` contains an entry (Entry: 5166) for a non-existing spell (Spell: 3420), ignoring
Table `npc_trainer` contains an entry (Entry: 5166) for a non-existing spell (Spell: 3421), ignoring
Table `npc_trainer` contains an entry (Entry: 5166) for a non-existing spell (Spell: 5763), ignoring
Table `npc_trainer` contains an entry (Entry: 5166) for a non-existing spell (Spell: 6510), ignoring
Table `npc_trainer` contains an entry (Entry: 5166) for a non-existing spell (Spell: 8687), ignoring
Table `npc_trainer` contains an entry (Entry: 5166) for a non-existing spell (Spell: 8691), ignoring
Table `npc_trainer` contains an entry (Entry: 5166) for a non-existing spell (Spell: 8694), ignoring
Table `npc_trainer` contains an entry (Entry: 5166) for a non-existing spell (Spell: 11341), ignoring
Table `npc_trainer` contains an entry (Entry: 5166) for a non-existing spell (Spell: 11342), ignoring
Table `npc_trainer` contains an entry (Entry: 5166) for a non-existing spell (Spell: 11343), ignoring
Table `npc_trainer` contains an entry (Entry: 5166) for a non-existing spell (Spell: 11357), ignoring
Table `npc_trainer` contains an entry (Entry: 5166) for a non-existing spell (Spell: 11358), ignoring
Table `npc_trainer` contains an entry (Entry: 5166) for a non-existing spell (Spell: 11400), ignoring
Table `npc_trainer` contains an entry (Entry: 5166) for a non-existing spell (Spell: 13220), ignoring
Table `npc_trainer` contains an entry (Entry: 5166) for a non-existing spell (Spell: 13228), ignoring
Table `npc_trainer` contains an entry (Entry: 5166) for a non-existing spell (Spell: 13229), ignoring
Table `npc_trainer` contains an entry (Entry: 5166) for a non-existing spell (Spell: 13230), ignoring
Table `npc_trainer` contains an entry (Entry: 5166) for a non-existing spell (Spell: 26786), ignoring
Table `npc_trainer` contains an entry (Entry: 5166) for a non-existing spell (Spell: 26892), ignoring
Table `npc_trainer` contains an entry (Entry: 5166) for a non-existing spell (Spell: 26969), ignoring
Table `npc_trainer` contains an entry (Entry: 5166) for a non-existing spell (Spell: 27282), ignoring
Table `npc_trainer` contains an entry (Entry: 5166) for a non-existing spell (Spell: 27283), ignoring
Table `npc_trainer` contains an entry (Entry: 5167) for a non-existing spell (Spell: 2835), ignoring
Table `npc_trainer` contains an entry (Entry: 5167) for a non-existing spell (Spell: 2837), ignoring
Table `npc_trainer` contains an entry (Entry: 5167) for a non-existing spell (Spell: 3420), ignoring
Table `npc_trainer` contains an entry (Entry: 5167) for a non-existing spell (Spell: 3421), ignoring
Table `npc_trainer` contains an entry (Entry: 5167) for a non-existing spell (Spell: 5763), ignoring
Table `npc_trainer` contains an entry (Entry: 5167) for a non-existing spell (Spell: 6510), ignoring
Table `npc_trainer` contains an entry (Entry: 5167) for a non-existing spell (Spell: 8687), ignoring
Table `npc_trainer` contains an entry (Entry: 5167) for a non-existing spell (Spell: 8691), ignoring
Table `npc_trainer` contains an entry (Entry: 5167) for a non-existing spell (Spell: 8694), ignoring
Table `npc_trainer` contains an entry (Entry: 5167) for a non-existing spell (Spell: 11341), ignoring
Table `npc_trainer` contains an entry (Entry: 5167) for a non-existing spell (Spell: 11342), ignoring
Table `npc_trainer` contains an entry (Entry: 5167) for a non-existing spell (Spell: 11343), ignoring
Table `npc_trainer` contains an entry (Entry: 5167) for a non-existing spell (Spell: 11357), ignoring
Table `npc_trainer` contains an entry (Entry: 5167) for a non-existing spell (Spell: 11358), ignoring
Table `npc_trainer` contains an entry (Entry: 5167) for a non-existing spell (Spell: 11400), ignoring
Table `npc_trainer` contains an entry (Entry: 5167) for a non-existing spell (Spell: 13220), ignoring
Table `npc_trainer` contains an entry (Entry: 5167) for a non-existing spell (Spell: 13228), ignoring
Table `npc_trainer` contains an entry (Entry: 5167) for a non-existing spell (Spell: 13229), ignoring
Table `npc_trainer` contains an entry (Entry: 5167) for a non-existing spell (Spell: 13230), ignoring
Table `npc_trainer` contains an entry (Entry: 5167) for a non-existing spell (Spell: 26786), ignoring
Table `npc_trainer` contains an entry (Entry: 5167) for a non-existing spell (Spell: 26892), ignoring
Table `npc_trainer` contains an entry (Entry: 5167) for a non-existing spell (Spell: 26969), ignoring
Table `npc_trainer` contains an entry (Entry: 5167) for a non-existing spell (Spell: 27282), ignoring
Table `npc_trainer` contains an entry (Entry: 5167) for a non-existing spell (Spell: 27283), ignoring
Table `npc_trainer` contains an entry (Entry: 6707) for a non-existing spell (Spell: 2835), ignoring
Table `npc_trainer` contains an entry (Entry: 6707) for a non-existing spell (Spell: 2837), ignoring
Table `npc_trainer` contains an entry (Entry: 6707) for a non-existing spell (Spell: 3420), ignoring
Table `npc_trainer` contains an entry (Entry: 6707) for a non-existing spell (Spell: 3421), ignoring
Table `npc_trainer` contains an entry (Entry: 6707) for a non-existing spell (Spell: 5763), ignoring
Table `npc_trainer` contains an entry (Entry: 6707) for a non-existing spell (Spell: 6510), ignoring
Table `npc_trainer` contains an entry (Entry: 6707) for a non-existing spell (Spell: 8687), ignoring
Table `npc_trainer` contains an entry (Entry: 6707) for a non-existing spell (Spell: 8691), ignoring
Table `npc_trainer` contains an entry (Entry: 6707) for a non-existing spell (Spell: 8694), ignoring
Table `npc_trainer` contains an entry (Entry: 6707) for a non-existing spell (Spell: 11341), ignoring
Table `npc_trainer` contains an entry (Entry: 6707) for a non-existing spell (Spell: 11342), ignoring
Table `npc_trainer` contains an entry (Entry: 6707) for a non-existing spell (Spell: 11343), ignoring
Table `npc_trainer` contains an entry (Entry: 6707) for a non-existing spell (Spell: 11357), ignoring
Table `npc_trainer` contains an entry (Entry: 6707) for a non-existing spell (Spell: 11358), ignoring
Table `npc_trainer` contains an entry (Entry: 6707) for a non-existing spell (Spell: 11400), ignoring
Table `npc_trainer` contains an entry (Entry: 6707) for a non-existing spell (Spell: 13220), ignoring
Table `npc_trainer` contains an entry (Entry: 6707) for a non-existing spell (Spell: 13228), ignoring
Table `npc_trainer` contains an entry (Entry: 6707) for a non-existing spell (Spell: 13229), ignoring
Table `npc_trainer` contains an entry (Entry: 6707) for a non-existing spell (Spell: 13230), ignoring
Table `npc_trainer` contains an entry (Entry: 6707) for a non-existing spell (Spell: 26786), ignoring
Table `npc_trainer` contains an entry (Entry: 6707) for a non-existing spell (Spell: 26892), ignoring
Table `npc_trainer` contains an entry (Entry: 6707) for a non-existing spell (Spell: 26969), ignoring
Table `npc_trainer` contains an entry (Entry: 6707) for a non-existing spell (Spell: 27282), ignoring
Table `npc_trainer` contains an entry (Entry: 6707) for a non-existing spell (Spell: 27283), ignoring
Table `npc_trainer` contains an entry (Entry: 13283) for a non-existing spell (Spell: 2835), ignoring
Table `npc_trainer` contains an entry (Entry: 13283) for a non-existing spell (Spell: 2837), ignoring
Table `npc_trainer` contains an entry (Entry: 13283) for a non-existing spell (Spell: 3420), ignoring
Table `npc_trainer` contains an entry (Entry: 13283) for a non-existing spell (Spell: 3421), ignoring
Table `npc_trainer` contains an entry (Entry: 13283) for a non-existing spell (Spell: 5763), ignoring
Table `npc_trainer` contains an entry (Entry: 13283) for a non-existing spell (Spell: 6510), ignoring
Table `npc_trainer` contains an entry (Entry: 13283) for a non-existing spell (Spell: 8687), ignoring
Table `npc_trainer` contains an entry (Entry: 13283) for a non-existing spell (Spell: 8691), ignoring
Table `npc_trainer` contains an entry (Entry: 13283) for a non-existing spell (Spell: 8694), ignoring
Table `npc_trainer` contains an entry (Entry: 13283) for a non-existing spell (Spell: 11341), ignoring
Table `npc_trainer` contains an entry (Entry: 13283) for a non-existing spell (Spell: 11342), ignoring
Table `npc_trainer` contains an entry (Entry: 13283) for a non-existing spell (Spell: 11343), ignoring
Table `npc_trainer` contains an entry (Entry: 13283) for a non-existing spell (Spell: 11357), ignoring
Table `npc_trainer` contains an entry (Entry: 13283) for a non-existing spell (Spell: 11358), ignoring
Table `npc_trainer` contains an entry (Entry: 13283) for a non-existing spell (Spell: 11400), ignoring
Table `npc_trainer` contains an entry (Entry: 13283) for a non-existing spell (Spell: 13220), ignoring
Table `npc_trainer` contains an entry (Entry: 13283) for a non-existing spell (Spell: 13228), ignoring
Table `npc_trainer` contains an entry (Entry: 13283) for a non-existing spell (Spell: 13229), ignoring
Table `npc_trainer` contains an entry (Entry: 13283) for a non-existing spell (Spell: 13230), ignoring
Table `npc_trainer` contains an entry (Entry: 13283) for a non-existing spell (Spell: 26786), ignoring
Table `npc_trainer` contains an entry (Entry: 13283) for a non-existing spell (Spell: 26892), ignoring
Table `npc_trainer` contains an entry (Entry: 13283) for a non-existing spell (Spell: 26969), ignoring
Table `npc_trainer` contains an entry (Entry: 13283) for a non-existing spell (Spell: 27282), ignoring
Table `npc_trainer` contains an entry (Entry: 13283) for a non-existing spell (Spell: 27283), ignoring
Table `npc_trainer` contains an entry (Entry: 16279) for a non-existing spell (Spell: 2835), ignoring
Table `npc_trainer` contains an entry (Entry: 16279) for a non-existing spell (Spell: 2837), ignoring
Table `npc_trainer` contains an entry (Entry: 16279) for a non-existing spell (Spell: 3420), ignoring
Table `npc_trainer` contains an entry (Entry: 16279) for a non-existing spell (Spell: 3421), ignoring
Table `npc_trainer` contains an entry (Entry: 16279) for a non-existing spell (Spell: 5763), ignoring
Table `npc_trainer` contains an entry (Entry: 16279) for a non-existing spell (Spell: 6510), ignoring
Table `npc_trainer` contains an entry (Entry: 16279) for a non-existing spell (Spell: 8687), ignoring
Table `npc_trainer` contains an entry (Entry: 16279) for a non-existing spell (Spell: 8691), ignoring
Table `npc_trainer` contains an entry (Entry: 16279) for a non-existing spell (Spell: 8694), ignoring
Table `npc_trainer` contains an entry (Entry: 16279) for a non-existing spell (Spell: 11341), ignoring
Table `npc_trainer` contains an entry (Entry: 16279) for a non-existing spell (Spell: 11342), ignoring
Table `npc_trainer` contains an entry (Entry: 16279) for a non-existing spell (Spell: 11343), ignoring
Table `npc_trainer` contains an entry (Entry: 16279) for a non-existing spell (Spell: 11357), ignoring
Table `npc_trainer` contains an entry (Entry: 16279) for a non-existing spell (Spell: 11358), ignoring
Table `npc_trainer` contains an entry (Entry: 16279) for a non-existing spell (Spell: 11400), ignoring
Table `npc_trainer` contains an entry (Entry: 16279) for a non-existing spell (Spell: 13220), ignoring
Table `npc_trainer` contains an entry (Entry: 16279) for a non-existing spell (Spell: 13228), ignoring
Table `npc_trainer` contains an entry (Entry: 16279) for a non-existing spell (Spell: 13229), ignoring
Table `npc_trainer` contains an entry (Entry: 16279) for a non-existing spell (Spell: 13230), ignoring
Table `npc_trainer` contains an entry (Entry: 16279) for a non-existing spell (Spell: 26786), ignoring
Table `npc_trainer` contains an entry (Entry: 16279) for a non-existing spell (Spell: 26892), ignoring
Table `npc_trainer` contains an entry (Entry: 16279) for a non-existing spell (Spell: 26969), ignoring
Table `npc_trainer` contains an entry (Entry: 16279) for a non-existing spell (Spell: 27282), ignoring
Table `npc_trainer` contains an entry (Entry: 16279) for a non-existing spell (Spell: 27283), ignoring
Table `npc_trainer` contains an entry (Entry: 16684) for a non-existing spell (Spell: 2835), ignoring
Table `npc_trainer` contains an entry (Entry: 16684) for a non-existing spell (Spell: 2837), ignoring
Table `npc_trainer` contains an entry (Entry: 16684) for a non-existing spell (Spell: 3420), ignoring
Table `npc_trainer` contains an entry (Entry: 16684) for a non-existing spell (Spell: 3421), ignoring
Table `npc_trainer` contains an entry (Entry: 16684) for a non-existing spell (Spell: 5763), ignoring
Table `npc_trainer` contains an entry (Entry: 16684) for a non-existing spell (Spell: 6510), ignoring
Table `npc_trainer` contains an entry (Entry: 16684) for a non-existing spell (Spell: 8687), ignoring
Table `npc_trainer` contains an entry (Entry: 16684) for a non-existing spell (Spell: 8691), ignoring
Table `npc_trainer` contains an entry (Entry: 16684) for a non-existing spell (Spell: 8694), ignoring
Table `npc_trainer` contains an entry (Entry: 16684) for a non-existing spell (Spell: 11341), ignoring
Table `npc_trainer` contains an entry (Entry: 16684) for a non-existing spell (Spell: 11342), ignoring
Table `npc_trainer` contains an entry (Entry: 16684) for a non-existing spell (Spell: 11343), ignoring
Table `npc_trainer` contains an entry (Entry: 16684) for a non-existing spell (Spell: 11357), ignoring
Table `npc_trainer` contains an entry (Entry: 16684) for a non-existing spell (Spell: 11358), ignoring
Table `npc_trainer` contains an entry (Entry: 16684) for a non-existing spell (Spell: 11400), ignoring
Table `npc_trainer` contains an entry (Entry: 16684) for a non-existing spell (Spell: 13220), ignoring
Table `npc_trainer` contains an entry (Entry: 16684) for a non-existing spell (Spell: 13228), ignoring
Table `npc_trainer` contains an entry (Entry: 16684) for a non-existing spell (Spell: 13229), ignoring
Table `npc_trainer` contains an entry (Entry: 16684) for a non-existing spell (Spell: 13230), ignoring
Table `npc_trainer` contains an entry (Entry: 16684) for a non-existing spell (Spell: 26786), ignoring
Table `npc_trainer` contains an entry (Entry: 16684) for a non-existing spell (Spell: 26892), ignoring
Table `npc_trainer` contains an entry (Entry: 16684) for a non-existing spell (Spell: 26969), ignoring
Table `npc_trainer` contains an entry (Entry: 16684) for a non-existing spell (Spell: 27282), ignoring
Table `npc_trainer` contains an entry (Entry: 16684) for a non-existing spell (Spell: 27283), ignoring
Table `npc_trainer` contains an entry (Entry: 16685) for a non-existing spell (Spell: 2835), ignoring
Table `npc_trainer` contains an entry (Entry: 16685) for a non-existing spell (Spell: 2837), ignoring
Table `npc_trainer` contains an entry (Entry: 16685) for a non-existing spell (Spell: 3420), ignoring
Table `npc_trainer` contains an entry (Entry: 16685) for a non-existing spell (Spell: 3421), ignoring
Table `npc_trainer` contains an entry (Entry: 16685) for a non-existing spell (Spell: 5763), ignoring
Table `npc_trainer` contains an entry (Entry: 16685) for a non-existing spell (Spell: 6510), ignoring
Table `npc_trainer` contains an entry (Entry: 16685) for a non-existing spell (Spell: 8687), ignoring
Table `npc_trainer` contains an entry (Entry: 16685) for a non-existing spell (Spell: 8691), ignoring
Table `npc_trainer` contains an entry (Entry: 16685) for a non-existing spell (Spell: 8694), ignoring
Table `npc_trainer` contains an entry (Entry: 16685) for a non-existing spell (Spell: 11341), ignoring
Table `npc_trainer` contains an entry (Entry: 16685) for a non-existing spell (Spell: 11342), ignoring
Table `npc_trainer` contains an entry (Entry: 16685) for a non-existing spell (Spell: 11343), ignoring
Table `npc_trainer` contains an entry (Entry: 16685) for a non-existing spell (Spell: 11357), ignoring
Table `npc_trainer` contains an entry (Entry: 16685) for a non-existing spell (Spell: 11358), ignoring
Table `npc_trainer` contains an entry (Entry: 16685) for a non-existing spell (Spell: 11400), ignoring
Table `npc_trainer` contains an entry (Entry: 16685) for a non-existing spell (Spell: 13220), ignoring
Table `npc_trainer` contains an entry (Entry: 16685) for a non-existing spell (Spell: 13228), ignoring
Table `npc_trainer` contains an entry (Entry: 16685) for a non-existing spell (Spell: 13229), ignoring
Table `npc_trainer` contains an entry (Entry: 16685) for a non-existing spell (Spell: 13230), ignoring
Table `npc_trainer` contains an entry (Entry: 16685) for a non-existing spell (Spell: 26786), ignoring
Table `npc_trainer` contains an entry (Entry: 16685) for a non-existing spell (Spell: 26892), ignoring
Table `npc_trainer` contains an entry (Entry: 16685) for a non-existing spell (Spell: 26969), ignoring
Table `npc_trainer` contains an entry (Entry: 16685) for a non-existing spell (Spell: 27282), ignoring
Table `npc_trainer` contains an entry (Entry: 16685) for a non-existing spell (Spell: 27283), ignoring
Table `npc_trainer` contains an entry (Entry: 16686) for a non-existing spell (Spell: 2835), ignoring
Table `npc_trainer` contains an entry (Entry: 16686) for a non-existing spell (Spell: 2837), ignoring
Table `npc_trainer` contains an entry (Entry: 16686) for a non-existing spell (Spell: 3420), ignoring
Table `npc_trainer` contains an entry (Entry: 16686) for a non-existing spell (Spell: 3421), ignoring
Table `npc_trainer` contains an entry (Entry: 16686) for a non-existing spell (Spell: 5763), ignoring
Table `npc_trainer` contains an entry (Entry: 16686) for a non-existing spell (Spell: 6510), ignoring
Table `npc_trainer` contains an entry (Entry: 16686) for a non-existing spell (Spell: 8687), ignoring
Table `npc_trainer` contains an entry (Entry: 16686) for a non-existing spell (Spell: 8691), ignoring
Table `npc_trainer` contains an entry (Entry: 16686) for a non-existing spell (Spell: 8694), ignoring
Table `npc_trainer` contains an entry (Entry: 16686) for a non-existing spell (Spell: 11341), ignoring
Table `npc_trainer` contains an entry (Entry: 16686) for a non-existing spell (Spell: 11342), ignoring
Table `npc_trainer` contains an entry (Entry: 16686) for a non-existing spell (Spell: 11343), ignoring
Table `npc_trainer` contains an entry (Entry: 16686) for a non-existing spell (Spell: 11357), ignoring
Table `npc_trainer` contains an entry (Entry: 16686) for a non-existing spell (Spell: 11358), ignoring
Table `npc_trainer` contains an entry (Entry: 16686) for a non-existing spell (Spell: 11400), ignoring
Table `npc_trainer` contains an entry (Entry: 16686) for a non-existing spell (Spell: 13220), ignoring
Table `npc_trainer` contains an entry (Entry: 16686) for a non-existing spell (Spell: 13228), ignoring
Table `npc_trainer` contains an entry (Entry: 16686) for a non-existing spell (Spell: 13229), ignoring
Table `npc_trainer` contains an entry (Entry: 16686) for a non-existing spell (Spell: 13230), ignoring
Table `npc_trainer` contains an entry (Entry: 16686) for a non-existing spell (Spell: 26786), ignoring
Table `npc_trainer` contains an entry (Entry: 16686) for a non-existing spell (Spell: 26892), ignoring
Table `npc_trainer` contains an entry (Entry: 16686) for a non-existing spell (Spell: 26969), ignoring
Table `npc_trainer` contains an entry (Entry: 16686) for a non-existing spell (Spell: 27282), ignoring
Table `npc_trainer` contains an entry (Entry: 16686) for a non-existing spell (Spell: 27283), ignoring
Table `npc_trainer` contains an entry (Entry: 26329) for a non-existing spell (Spell: 2835), ignoring
Table `npc_trainer` contains an entry (Entry: 26329) for a non-existing spell (Spell: 2837), ignoring
Table `npc_trainer` contains an entry (Entry: 26329) for a non-existing spell (Spell: 3420), ignoring
Table `npc_trainer` contains an entry (Entry: 26329) for a non-existing spell (Spell: 3421), ignoring
Table `npc_trainer` contains an entry (Entry: 26329) for a non-existing spell (Spell: 5763), ignoring
Table `npc_trainer` contains an entry (Entry: 26329) for a non-existing spell (Spell: 6510), ignoring
Table `npc_trainer` contains an entry (Entry: 26329) for a non-existing spell (Spell: 8687), ignoring
Table `npc_trainer` contains an entry (Entry: 26329) for a non-existing spell (Spell: 8691), ignoring
Table `npc_trainer` contains an entry (Entry: 26329) for a non-existing spell (Spell: 8694), ignoring
Table `npc_trainer` contains an entry (Entry: 26329) for a non-existing spell (Spell: 11341), ignoring
Table `npc_trainer` contains an entry (Entry: 26329) for a non-existing spell (Spell: 11342), ignoring
Table `npc_trainer` contains an entry (Entry: 26329) for a non-existing spell (Spell: 11343), ignoring
Table `npc_trainer` contains an entry (Entry: 26329) for a non-existing spell (Spell: 11357), ignoring
Table `npc_trainer` contains an entry (Entry: 26329) for a non-existing spell (Spell: 11358), ignoring
Table `npc_trainer` contains an entry (Entry: 26329) for a non-existing spell (Spell: 11400), ignoring
Table `npc_trainer` contains an entry (Entry: 26329) for a non-existing spell (Spell: 13220), ignoring
Table `npc_trainer` contains an entry (Entry: 26329) for a non-existing spell (Spell: 13228), ignoring
Table `npc_trainer` contains an entry (Entry: 26329) for a non-existing spell (Spell: 13229), ignoring
Table `npc_trainer` contains an entry (Entry: 26329) for a non-existing spell (Spell: 13230), ignoring
Table `npc_trainer` contains an entry (Entry: 26329) for a non-existing spell (Spell: 26786), ignoring
Table `npc_trainer` contains an entry (Entry: 26329) for a non-existing spell (Spell: 26892), ignoring
Table `npc_trainer` contains an entry (Entry: 26329) for a non-existing spell (Spell: 26969), ignoring
Table `npc_trainer` contains an entry (Entry: 26329) for a non-existing spell (Spell: 27282), ignoring
Table `npc_trainer` contains an entry (Entry: 26329) for a non-existing spell (Spell: 27283), ignoring
