AzerothCore rev. 6f5b504e4cfa+ 2024-09-07 14:27:11 +0800 (Playerbot branch) (Unix, RelWithDebInfo, Static) (worldserver-daemon)
<Ctrl-C> to stop.

   █████╗ ███████╗███████╗██████╗  ██████╗ ████████╗██╗  ██╗
  ██╔══██╗╚══███╔╝██╔════╝██╔══██╗██╔═══██╗╚══██╔══╝██║  ██║
  ███████║  ███╔╝ █████╗  ██████╔╝██║   ██║   ██║   ███████║
  ██╔══██║ ███╔╝  ██╔══╝  ██╔══██╗██║   ██║   ██║   ██╔══██║
  ██║  ██║███████╗███████╗██║  ██║╚██████╔╝   ██║   ██║  ██║
  ╚═╝  ╚═╝╚══════╝╚══════╝╚═╝  ╚═╝ ╚═════╝    ╚═╝   ╚═╝  ╚═╝
                                 ██████╗ ██████╗ ██████╗ ███████╗
                                ██╔════╝██╔═══██╗██╔══██╗██╔════╝
                                ██║     ██║   ██║██████╔╝█████╗
                                ██║     ██║   ██║██╔══██╗██╔══╝
                                ╚██████╗╚██████╔╝██║  ██║███████╗
                                 ╚═════╝ ╚═════╝ ╚═╝  ╚═╝╚══════╝

     AzerothCore 3.3.5a  -  www.azerothcore.org

> Using configuration file       /azerothcore/env/dist/etc/worldserver.conf
> Using SSL version:             OpenSSL 3.0.2 15 Mar 2022 (library: OpenSSL 3.0.2 15 Mar 2022)
> Using Boost version:           1.74.0
 
Can't set process priority class, error: Permission denied
 
Loading Modules Configuration...
 
Using modules configuration:
> mod_aoe_loot.conf.dist
> mod_customserver.conf.dist
> individualProgression.conf.dist
> mod_learnspells.conf.dist
> playerbots.conf.dist
 
Initializing Scripts...
> Loading C++ scripts
 
> Config: Found config value 'Updates.EnableDatabases' from environment variable 'AC_UPDATES_ENABLE_DATABASES'.
> AUTOUPDATER: Automatic database updates are disabled for all databases in the config! This is not recommended!
> Config: Found config value 'LoginDatabaseInfo' from environment variable 'AC_LOGIN_DATABASE_INFO'.
Opening DatabasePool 'acore_auth'. Asynchronous connections: 1, synchronous connections: 1.
DatabasePool 'acore_auth' opened successfully. 2 total connections running.
 
> Config: Found config value 'CharacterDatabaseInfo' from environment variable 'AC_CHARACTER_DATABASE_INFO'.
Opening DatabasePool 'acore_characters'. Asynchronous connections: 1, synchronous connections: 1.
DatabasePool 'acore_characters' opened successfully. 2 total connections running.
 
> Config: Found config value 'WorldDatabaseInfo' from environment variable 'AC_WORLD_DATABASE_INFO'.
Opening DatabasePool 'acore_world'. Asynchronous connections: 1, synchronous connections: 1.
DatabasePool 'acore_world' opened successfully. 2 total connections running.
 
> Config: Found config value 'PlayerbotsDatabaseInfo' from environment variable 'AC_PLAYERBOTS_DATABASE_INFO'.
Opening DatabasePool 'acore_playerbots'. Asynchronous connections: 1, synchronous connections: 1.
DatabasePool 'acore_playerbots' opened successfully. 2 total connections running.
 
Updating Playerbots database...
>> Playerbots database is up-to-date! Containing 1 new and 0 archived updates.
 
Loading World Information...
> RealmID:              1
> Version DB world:     ACDB 335.12-dev
Loading Quest XP cache....
Loaded 5657 quest XP values into cache
> Config: Found config value 'CloseIdleConnections' from environment variable 'AC_CLOSE_IDLE_CONNECTIONS'.
Will clear `logs` table of entries older than 1209600 seconds every 10 minutes.
Visibility.Distance.BGArenas can't be greater 250
> Config: Found config value 'DataDir' from environment variable 'AC_DATA_DIR'.
Using DataDir /azerothcore/env/dist/data/
WORLD: VMap support included. LineOfSight:true, getHeight:true, indoorCheck:true PetLOS:true
 
Loading Acore Strings...
>> Loaded 1153 Acore Strings in 2 ms
 
Loading Module Strings...
>> Loaded 0 module strings. DB table `module_string` is empty.
 
Loading Module Strings Locale...
>> Loaded 0 module strings locale. DB table `module_string_locale` is empty.
 
Initialize Data Stores...
>> Initialized 112 Data Stores in 569 ms
 
Using enUS DBC Locale As Default. All Available DBC locales: enUS 
 
>> Loading Cinematic Camera files
>> Loaded 14 Cinematic Waypoint Sets in 7 ms
 
Loading IP Location Database...
 
Loading Game Graveyard...
>> Loaded 685 Graveyard in 9 ms
 
Initializing PlayerDump Tables...
>> Initialized Tables For PlayerDump in 49 ms.
 
Loading SpellInfo Store...
>> Loaded Spell Custom Attributes in 42 ms
 
Loading Spell Cooldown Overrides...
>> Loaded 34 Spell Cooldown Overrides entries in 1 ms
 
Loading SpellInfo Data Corrections...
>> Loading spell dbc data corrections  in 5 ms
 
Loading Spell Rank Data...
>> Loaded 3502 spell rank records in 7 ms
 
Loading Spell Specific And Aura State...
>> Loaded Spell Specific And Aura State in 4 ms
 
Loading SkillLineAbilityMultiMap Data...
>> Loaded 10220 SkillLineAbility MultiMap Data in 2 ms
 
Loading SpellInfo Custom Attributes...
>> Loaded 316 spell custom attributes from DB in 1 ms
>> Loaded SpellInfo Custom Attributes in 12 ms
 
Loading GameObject Models...
>> Loaded 2324 GameObject Models in 2 ms
 
Loading Script Names...
>> Loaded 3006 ScriptNames in 372 ms
 
Loading Instance Template...
>> Loaded 85 Instance Templates in 0 ms
 
Loading Character Cache...
No character name data loaded, empty query!
Loading Instances...
>> Loaded Instances And Binds in 105 ms
 
Loading Broadcast Texts...
>> Loaded 73039 Broadcast Texts in 217 ms
>> Loaded 583570 Broadcast Text Locales in 1244 ms
 
Loading Localization Strings...
>> Loaded 27290 Creature Locale Strings in 323 ms
>> Loaded 21503 Gameobject Locale Strings in 190 ms
>> Loaded 46096 Item Locale Strings in 429 ms
>> Loaded 2481 Item Set Name Locale Strings in 21 ms
>> Loaded 9461 Quest Locale Strings in 392 ms
>> Loaded 14739 Quest Offer Reward Locale Strings in 126 ms
>> Loaded 14739 Quest Request Items Locale Strings in 70 ms
>> Loaded 8366 Npc Text Locale Strings in 88 ms
>> Loaded 1974 Page Text Locale Strings in 54 ms
>> Loaded 5039 Gossip Menu Option Locale Strings in 57 ms
>> Loaded 453 Points Of Interest Locale Strings in 6 ms
>> Loaded 106 Pet Name Locales Parts in 2 ms
 
>> Localization Strings loaded in 1759 ms
 
Loading Page Texts...
>> Loaded 1946 Page Texts in 12 ms
 
Loading Game Object Templates...
>> Loaded 21582 Game Object Templates in 73 ms
 
Loading Game Object Template Addons...
>> Loaded 21493 Game Object Template Addons in 25 ms
 
Loading Transport Templates...
>> Loaded 30 Transport Templates in 8 ms
 
Loading Spell Required Data...
>> Loaded 50 Spell Required Records in 2 ms
 
Loading Spell Group Types...
>> Loaded 362 Spell Group Definitions in 3 ms
 
Loading Spell Learn Skills...
>> Loaded 103 Spell Learn Skills From DBC in 2 ms
 
Loading Spell Proc Event Conditions...
>> Loaded 832 Extra Spell Proc Event Conditions in 4 ms
 
Loading Spell Proc Conditions and Data...
>> Loaded 0 Spell Proc Conditions And Data. DB table `spell_proc` Is Empty.
 
Loading Spell Bonus Data...
>> Loaded 1270 Extra Spell Bonus Data in 3 ms
 
Loading Aggro Spells Definitions...
>> Loaded 106 SpellThreatEntries in 1 ms
 
Loading Mixology Bonuses...
>> Loaded 21 Mixology Bonuses in 1 ms
 
Loading Spell Group Stack Rules...
>> Loaded 37 Spell Group Stack Rules in 3 ms
 
Loading NPC Texts...
>> Loaded 8363 Npc Texts in 82 ms
 
Loading Enchant Spells Proc Datas...
>> Loaded 42 Enchant Proc Data Definitions in 3 ms
 
Loading Item Random Enchantments Table...
>> Loaded 28725 Item Enchantment Definitions in 23 ms
 
Loading Disables
>> Loaded 822 Disables in 4 ms
 
Loading Items...
>> Loaded 46096 Item Templates in 664 ms
 
Loading Item Set Names...
>> Loaded 2481 Item Set Names in 5 ms
 
Loading Creature Model Based Info Data...
>> Loaded 24143 Creature Model Based Info in 31 ms
 
Loading Creature Custom IDs Config...
Loading Creature Templates...
>> Loaded 40293 creature template models in 50 ms
>> Loaded 4520 Creature Template Resistances in 6 ms
 
>> Loaded 9558 Creature Template Spells in 7 ms
 
>> Loaded 30044 Creature Definitions in 500 ms
 
Loading Equipment Templates...
>> Loaded 10879 Equipment Templates in 11 ms
 
Loading Creature Template Addons...
>> Loaded 11953 Creature Template Addons in 18 ms
 
Loading Reputation Reward Rates...
>> Loaded 14 Reputation Reward Rate in 2 ms
 
Loading Creature Reputation OnKill Data...
>> Loaded 2035 Creature Award Reputation Definitions in 4 ms
 
Loading Reputation Spillover Data...
>> Loaded 26 Reputation Spillover Template in 2 ms
 
Loading Points Of Interest Data...
>> Loaded 463 Points of Interest Definitions in 3 ms
 
Loading Creature Base Stats...
>> Loaded 400 Creature Base Stats in 5 ms
 
Loading Creature Data...
>> Loaded 150517 Creatures in 1377 ms
 
Loading Temporary Summon Data...
>> Loaded 1208 Temporary Summons in 8 ms
 
Loading Pet Levelup Spells...
>> Loaded 993 Pet Levelup And Default Spells For 39 Families in 1 ms
 
Loading Pet default Spells additional to Levelup Spells...
>> Loaded Addition Spells For 112 Pet Spell Data Entries in 2 ms
 
Loading Summonable Creature Templates...
>> Loaded 471 Summonable Creature emplates in 4 ms
 
Loading Creature Addon Data...
>> Loaded 35343 Creature Addons in 77 ms
 
Loading Creature Movement Overrides...
>> Loaded 9 Movement Overrides in 3 ms
 
Loading Gameobject Data...
>> Loaded 85255 Gameobjects in 570 ms
 
Loading GameObject Addon Data...
>> Loaded 32 Gameobject Addons in 3 ms
 
Loading GameObject Quest Items...
>> Loaded 0 gameobject quest items. DB table `gameobject_questitem` is empty.
Loading Creature Quest Items...
>> Loaded 35 Creature Quest Items in 2 ms
 
Loading Creature Linked Respawn...
>> Loaded 4342 Linked Respawns In 7 ms
 
Loading Weather Data...
>> Loaded 35 Weather Definitions in 1 ms
 
Loading Quests...
>> Loaded 9464 Quests Definitions in 243 ms
 
Checking Quest Disables
>> Checked 605 Quest Disables in 0 ms
 
Loading Quest POI
>> Loaded 0 quest POI definitions. DB table `quest_poi` is empty.
 
Loading Quests Starters and Enders...
Loading GO Start Quest Data...
>> Loaded 456 Quest Relations From gameobject_queststarter in 5 ms
 
Loading GO End Quest Data...
>> Loaded 458 Quest Relations From gameobject_questender in 8 ms
 
Loading Creature Start Quest Data...
>> Loaded 7619 Quest Relations From creature_queststarter in 15 ms
 
Loading Creature End Quest Data...
>> Loaded 8032 Quest Relations From creature_questender in 17 ms
 
Loading Quest Greetings...
>> Loaded 206 quest_greeting in 3 ms
 
Loading Quest Greeting Locales...
>> Loaded 5 quest greeting Locale Strings in 2 ms
 
Loading Quest Money Rewards...
>> Loaded 800 Quest Money Rewards in 1 ms
 
Loading Objects Pooling Data...
>> Loaded 7351 Objects Pools In 8 ms
 
Loading Creatures Pooling Data...
>> Loaded 1496 Creatures In Pools in 1 ms
 
Loading Gameobjects Pooling Data...
>> Loaded 28880 Gameobjects In Pools in 24 ms
 
Loading Mother Pooling Data...
>> Loaded 5001 Pools In Mother Pools in 6 ms
 
Loading Quest Pooling Data...
>> Loaded 175 Quests In Pools in 1 ms
 
Starting Objects Pooling System...
 
Loading Game Event Data...
>> Loaded 153 Holiday Dates in 2 ms
>> Loaded 88 Game Events in 1 ms
 
Loading Game Event Saves Data...
>> Loaded 0 Game Event Saves In Game Events. DB Table `game_event_save` Is Empty.
 
Loading Game Event Prerequisite Data...
>> Loaded 0 Game Rvent Prerequisites in Game Events. DB Table `game_event_prerequisite` Is Empty.
 
Loading Game Event Creature Data...
>> Loaded 10123 Creatures In Game Events in 6 ms
 
Loading Game Event GO Data...
>> Loaded 24937 Gameobjects In Game Events in 9 ms
 
Loading Game Event Model/Equipment Change Data...
>> Loaded 0 Model/Equipment Changes In Game Events. DB Table `game_event_model_equip` Is Empty.
 
Loading Game Event Quest Data...
>> Loaded 215 Quests Additions In Game Events in 2 ms
 
Loading Game Event GO Quest Data...
>> Loaded 78 Quests Additions In Game Events in 1 ms
 
Loading Game Event Quest Condition Data...
>> Loaded 0 quest event Conditions In Game Events. DB Table `game_event_quest_condition` Is Empty.
 
Loading Game Event Condition Data...
>> Loaded 0 Conditions In Game Events. DB table `game_event_condition` Is Empty.
 
Loading Game Event Condition Save Data...
>> Loaded 0 Condition Saves In Game Events. DB Table `game_event_condition_save` Is Empty.
 
Loading Game Event NPCflag Data...
>> Loaded 5 Npcflags In Game Events In 2 ms
 
Loading Game Event Seasonal Quest Relations...
>> Loaded 690 Quests Additions In Game Events in 1 ms
 
Loading Game Event Vendor Additions Data...
>> Loaded 14 Vendor Additions In Game Events in 2 ms
 
Loading Game Event Battleground Data...
>> Loaded 6 Battleground Holidays In Game Events in 2 ms
 
Loading Game Event Pool Data...
>> Loaded 8 Pools For Game Events in 0 ms
 
Loading UNIT_NPC_FLAG_SPELLCLICK Data...
>> Loaded 330 Spellclick Definitions in 4 ms
 
Loading Vehicle Template Accessories...
>> Loaded 193 Vehicle Template Accessories in 2 ms
 
Loading Vehicle Accessories...
>> Loaded 0 Vehicle Accessories in 2 ms
 
Loading SpellArea Data...
>> Using ICC Buff Horde: 73822
>> Using ICC Buff Alliance: 73828
>> Loaded 700 Spell Area Requirements in 3 ms
 
Loading Area Trigger Definitions
>> Loaded 1217 Area Trigger Definitions in 6 ms
 
Loading Area Trigger Teleport Definitions...
>> Loaded 270 Area Trigger Teleport Definitions in 3 ms
 
Loading Access Requirements...
>> Loaded 123 Rows From dungeon_access_template And 44 Rows From dungeon_access_requirements in 35 ms
 
Loading Quest Area Triggers...
>> Loaded 57 Quest Trigger Points in 1 ms
 
Loading Tavern Area Triggers...
>> Loaded 113 Tavern Triggers in 2 ms
 
Loading AreaTrigger Script Names...
>> Loaded 158 Areatrigger Scripts in 1 ms
 
Loading LFG Entrance Positions...
>> Loaded 22 LFG Entrance Positions in 1 ms
 
Loading Dungeon Boss Data...
>> Loaded 628 Instance Encounters in 2 ms
 
Loading LFG Rewards...
>> Loaded 15 LFG Dungeon Rewards in 1 ms
 
Loading Graveyard-Zone Links...
>> Loaded 704 Graveyard-Zone Links in 3 ms
 
Loading Spell Pet Auras...
>> Loaded 49 Spell Pet Auras in 1 ms
 
Loading Spell Target Coordinates...
>> Loaded 677 Spell Teleport Coordinates in 2 ms
 
Loading Enchant Custom Attributes...
>> Loaded 47 Custom Enchant Attributes in 1 ms
 
Loading linked Spells...
>> Loaded 583 Linked Spells in 2 ms
 
Loading Player Create Data...
>> Loaded 62 Player Create Definitions in 2 ms
 
Loading Player Create Items Data...
>> Loaded 1 Custom Player Create Items in 1 ms
 
Loading Player Create Skill Data...
>> Loaded 1020 Player Create Skills in 0 ms
 
Loading Player Create Spell Data...
>> Loaded 0 player create spells. DB table `playercreateinfo_spell_custom` is empty.
Loading Player Create Cast Spell Data...
>> Loaded 19 Player Create Cast Spells in 1 ms
 
Loading Player Create Action Data...
>> Loaded 358 Player Create Actions in 2 ms
 
Loading Player Create Level Stats Data...
>> Loaded 746 Level Stats Definitions in 4 ms
 
Loading Player Create XP Data...
>> Loaded 79 XP For Level Definitions in 1 ms
 
Loading Exploration BaseXP Data...
>> Loaded 80 BaseXP Definitions in 2 ms
 
Loading Pet Name Parts...
>> Loaded 313 Pet Name Parts in 1 ms
 
Loading The Max Pet Number...
>> Loaded The Max Pet Number: 0 in 1 ms
 
Loading Pet Level Stats...
>> Loaded 2800 Level Pet Stats Definitions in 6 ms
 
Loading Player Level Dependent Mail Rewards...
>> Loaded 2 Level Dependent Mail Rewards in 2 ms
 
Load Mail Server Template...
 
Loading Creature Loot Templates...
>> Loaded 250364 Creature Loot Templates in 353 ms
 
Loading Fishing Loot Templates...
>> Loaded 254 Fishing Loot Templates in 3 ms
 
Loading Gameobject Loot Templates...
>> Loaded 17972 Gameobject Loot Templates in 25 ms
 
Loading Item Loot Templates...
>> Loaded 4998 item loot templates in 10 ms
 
Loading Mail Loot Templates...
>> Loaded 105 mail loot templates in 3 ms
 
Loading Milling Loot Templates...
>> Loaded 45 milling loot templates in 6 ms
 
Loading Pickpocketing Loot Templates...
>> Loaded 10995 pickpocketing loot templates in 25 ms
 
Loading Skinning Loot Templates...
>> Loaded 1917 skinning loot templates in 7 ms
 
Loading Disenchanting Loot Templates...
>> Loaded 124 disenchanting loot templates in 6 ms
 
Loading Prospecting Loot Templates...
>> Loaded 36 prospecting loot templates in 6 ms
 
Loading Spell Loot Templates...
>> Loaded 163 spell loot templates in 4 ms
 
Loading Reference Loot Templates...
>> Loaded reference loot templates in 71 ms
 
Loading Player Loot Templates...
>> Loaded 20 player loot templates in 1 ms
 
Loading Skill Discovery Table...
>> Loaded 347 skill discovery definitions in 5 ms
 
Loading Skill Extra Item Table...
>> Loaded 226 spell specialization definitions in 3 ms
 
Loading Skill Perfection Data Table...
>> Loaded 72 spell perfection definitions in 1 ms
 
Loading Skill Fishing Base Level Requirements...
>> Loaded 94 areas for fishing base skill level in 2 ms
 
Loading Achievements...
>> Loaded 43 achievement references in 0 ms
 
Loading Achievement Criteria Lists...
>> Loaded 7494 achievement criteria in 1 ms
 
Loading Achievement Criteria Data...
>> Loaded 2815 additional achievement criteria data in 5 ms
 
Loading Achievement Rewards...
>> Loaded 105 achievement rewards in 2 ms
 
Loading Achievement Reward Locales...
>> Loaded 102 Achievement Reward Locale Strings in 3 ms
 
Loading Completed Achievements...
>> Loaded 0 completed achievements. DB table `character_achievement` is empty.
 
Loading Item Auctions...
>> Loaded 0 auction items. DB table `auctionhouse` or `item_instance` is empty!
 
Loading Auctions...
>> Loaded 0 auctions. DB table `auctionhouse` is empty.
 
Loading Guilds Definitions...
>> Loaded 0 guild definitions. DB table `guild` is empty.
 
Loading Guild Ranks...
>> Loaded 0 guild ranks. DB table `guild_rank` is empty.
 
Loading Guild Members...
>> Loaded 0 guild members. DB table `guild_member` is empty.
 
Loading Bank Tab Rights...
>> Loaded 0 guild bank tab rights. DB table `guild_bank_right` is empty.
 
Loading Guild Event Logs...
>> Loaded 0 guild event logs. DB table `guild_eventlog` is empty.
 
Loading Guild Bank Event Logs...
>> Loaded 0 guild bank event logs. DB table `guild_bank_eventlog` is empty.
 
Loading Guild Bank Tabs...
>> Loaded 0 guild bank tabs. DB table `guild_bank_tab` is empty.
 
Filling bank tabs with items...
>> Loaded 0 guild bank tab items. DB table `guild_bank_item` or `item_instance` is empty.
 
Validating data of loaded guilds...
>> Validated data of loaded guilds in 0 ms
 
Loading ArenaTeams...
>> Loaded 0 arena teams. DB table `arena_team` is empty!
 
Loading Groups...
>> Loaded 0 group definitions. DB table `groups` is empty!
 
Loading Group Members...
>> Loaded 0 group members. DB table `group_member` is empty!
 
Loading Reserved Names...
>> Loaded 0 reserved names. DB table `reserved_name` is empty!
>> Loaded 16330 reserved names from DBC in 7 ms
 
Loading Profanity Names...
>> Loaded 0 profanity names. DB table `profanity_name` is empty!
>> Loaded 8267 profanity names from DBC in 4 ms
 
Loading GameObjects for Quests...
>> Loaded 1820 GameObjects for quests in 1 ms
 
Loading BattleMasters...
>> Loaded 146 battlemaster entries in 4 ms
 
Loading GameTeleports...
>> Loaded 1491 GameTeleports in 7 ms
 
Loading Gossip Menu...
>> Loaded 6032 gossip_menu entries in 17 ms
 
Loading Gossip Menu Options...
>> Loaded 4606 gossip_menu_option entries in 16 ms
 
Loading Vendors...
>> Loaded 35922 Vendors in 51 ms
 
Loading Trainers...
>> Loaded 68899 Trainers in 185 ms
 
Loading Waypoints...
>> Loaded 142900 waypoints in 243 ms
 
Loading SmartAI Waypoints...
>> Loaded 826 SmartAI waypoint paths (total 14136 waypoints) in 14 ms
 
Loading Creature Formations...
>> Loaded 6198 Creatures In Formations in 11 ms
 
Loading World States...
>> Loaded 105 World States in 3 ms
 
Loading Conditions...
>> Loaded 15755 conditions in 32 ms
 
Loading Faction Change Achievement Pairs...
>> Loaded 124 faction change achievement pairs in 2 ms
 
Loading Faction Change Spell Pairs...
>> Loaded 113 faction change spell pairs in 2 ms
 
Loading Faction Change Item Pairs...
>> Loaded 1395 faction change item pairs in 3 ms
 
Loading Faction Change Reputation Pairs...
>> Loaded 15 faction change reputation pairs in 1 ms
 
Loading Faction Change Title Pairs...
>> Loaded 22 faction change title pairs in 1 ms
 
Loading Faction Change Quest Pairs...
>> Loaded 293 faction change quest pairs in 1 ms
 
Loading GM Tickets...
>> Loaded 0 GM tickets. DB table `gm_ticket` is empty!
Loading GM Surveys...
>> Loaded GM Survey count from database in 2 ms
 
Loading Client Addons...
>> Loaded 23 known addons in 2 ms
 
Deleting Invalid Mail Items...
 
Returning Old Mails...
 
Loading Autobroadcasts...
Loading Motd...
>> Loaded Motd Definitions in 2 ms
 
Loading spell_scripts...
>> Loaded 131 script definitions in 2 ms
 
Loading event_scripts...
>> Loaded 434 script definitions in 4 ms
 
Loading waypoint_scripts...
>> Loaded 573 script definitions in 3 ms
 
Loading Spell Script Names...
>> Loaded 2219 spell script names in 5 ms
 
Loading Creature Texts...
>> Loaded 18586 Creature Texts For 4153 Creatures in 51 ms
 
Loading Creature Text Locales...
>> Loaded 14027 Creature Text Locale in 28 ms
 
Loading Scripts...
Loading Script Waypoints For 63 Creature(s)...
>> Loaded 2363 Script Waypoint nodes in 10 ms
>> Loaded 3082 C++ scripts in 49 ms
 
Validating Spell Scripts...
>> Validated 2596 scripts in 4 ms
 
Loading SmartAI Scripts...
>> Loaded 13368 SmartAI scripts in 235 ms
 
Loading Calendar Data...
>> Loaded 0 calendar events
>> Loaded 0 calendar invites
 
Initializing SpellInfo Precomputed Data...
 
Initialize Commands...
Initialize Game Time and Timers
 
Starting Map System
 
Starting Game Event system...
 
Player::DeleteOldChars: Deleting all characters which have been deleted 30 days before...
 
Initializing Opcodes...
Starting Arena Season...
 
Arena Season 8 started...
 
Starting Battleground System
>> Loaded 13 battlegrounds in 1 ms
 
Starting Outdoor PvP System
>> Loaded 7 outdoor PvP definitions in 1 ms
 
Starting Battlefield System
Battlefield: Wintergrasp successfully initiated.
 
Loading Transports...
>> Spawned 20 continent motion transports in 395 ms
Loading Warden Checks...
>> Loaded 793 warden checks.
 
Loading Warden Action Overrides...
>> Loaded 1 warden action overrides.
 
Deleting Expired Bans...
Calculate Next Daily Quest Reset Time...
Calculate Next Weekly Quest Reset Time...
Calculate Next Monthly Quest Reset Time...
Calculate Random Battleground Reset Time...
Calculate Deletion Of Old Calendar Events Time...
Calculate Guild Cap Reset Time...
 
Load Petitions...
>> Loaded 0 Petitions!
 
Load Petition Signs...
>> Loaded 0 Petition signs!
 
Load Stored Loot Items...
>> Loaded 0 stored items!
 
Load Channel Rights...
>> Loaded 0 Channel Rights!
 
Load Channels...
>> Loaded 0 channels. DB table `channels` is empty.
 
Load Playerbots Config...
Initializing AI Playerbots by ike3, based on the original Playerbots by blueboy
---------------------------------------
          Loading TalentSpecs          
---------------------------------------
200 random bot accounts with 958 characters available
Building ammo cache for 80 levels
Cached 160 types of ammo
Building potion cache for 80 levels
Cached 18 types of potions
Building food cache for 80 levels
Cached 18 types of food
Building trade cache for 80 levels
Cached 9 trade items
Building random item cache from 46096 items
Loading playerbots dungeon suggestions...
88 playerbots dungeon suggestions loaded in 4 ms
---------------------------------------
        AI Playerbots initialized       
---------------------------------------
>> Loaded playerbots config in 22921 ms
 
 
WORLD: World Initialized In 0 Minutes 33 Seconds
 
AzerothCore rev. 6f5b504e4cfa+ 2024-09-07 14:27:11 +0800 (Playerbot branch) (Unix, RelWithDebInfo, Static) (worldserver-daemon) ready...
Starting up Auction House Listing thread...
Monthly quests reset for all characters.
Calendar deletion of old events.
Guild Daily Cap reset.
